{"/Users/tanmeshshah/Desktop/try-fulltime-jobs/React-applications/CodeChallenge-artAPI/src/components/atom/Button/index.tsx": {"path":"/Users/tanmeshshah/Desktop/try-fulltime-jobs/React-applications/CodeChallenge-artAPI/src/components/atom/Button/index.tsx","statementMap":{"0":{"start":{"line":6,"column":21},"end":{"line":24,"column":2}},"1":{"start":{"line":33,"column":24},"end":{"line":45,"column":3}},"2":{"start":{"line":35,"column":4},"end":{"line":44,"column":6}}},"fnMap":{"0":{"name":"(anonymous_0)","decl":{"start":{"line":33,"column":24},"end":{"line":33,"column":25}},"loc":{"start":{"line":33,"column":91},"end":{"line":45,"column":3}},"line":33}},"branchMap":{},"s":{"0":3,"1":3,"2":6},"f":{"0":6},"b":{},"_coverageSchema":"1a1c01bbd47fc00a2c39e90264f33305004495a9","hash":"6795145a0d79b53814b3b4073364d6b0dc3e0de4"}
,"/Users/tanmeshshah/Desktop/try-fulltime-jobs/React-applications/CodeChallenge-artAPI/src/components/atom/Image/index.tsx": {"path":"/Users/tanmeshshah/Desktop/try-fulltime-jobs/React-applications/CodeChallenge-artAPI/src/components/atom/Image/index.tsx","statementMap":{"0":{"start":{"line":12,"column":40},"end":{"line":18,"column":1}},"1":{"start":{"line":13,"column":2},"end":{"line":17,"column":4}}},"fnMap":{"0":{"name":"(anonymous_0)","decl":{"start":{"line":12,"column":40},"end":{"line":12,"column":41}},"loc":{"start":{"line":12,"column":67},"end":{"line":18,"column":1}},"line":12}},"branchMap":{},"s":{"0":6,"1":20},"f":{"0":20},"b":{},"_coverageSchema":"1a1c01bbd47fc00a2c39e90264f33305004495a9","hash":"fd2d7501d99ad4c7c234f2fb95896683c3fc9f02"}
,"/Users/tanmeshshah/Desktop/try-fulltime-jobs/React-applications/CodeChallenge-artAPI/src/components/atom/Loading/index.tsx": {"path":"/Users/tanmeshshah/Desktop/try-fulltime-jobs/React-applications/CodeChallenge-artAPI/src/components/atom/Loading/index.tsx","statementMap":{"0":{"start":{"line":5,"column":2},"end":{"line":14,"column":4}}},"fnMap":{"0":{"name":"Loading","decl":{"start":{"line":4,"column":9},"end":{"line":4,"column":16}},"loc":{"start":{"line":4,"column":19},"end":{"line":15,"column":1}},"line":4}},"branchMap":{},"s":{"0":3},"f":{"0":3},"b":{},"_coverageSchema":"1a1c01bbd47fc00a2c39e90264f33305004495a9","hash":"0633c94e4b37d3b52fd01f7e37da691823f54473"}
,"/Users/tanmeshshah/Desktop/try-fulltime-jobs/React-applications/CodeChallenge-artAPI/src/components/atom/SearchBar/index.tsx": {"path":"/Users/tanmeshshah/Desktop/try-fulltime-jobs/React-applications/CodeChallenge-artAPI/src/components/atom/SearchBar/index.tsx","statementMap":{"0":{"start":{"line":14,"column":24},"end":{"line":20,"column":3}},"1":{"start":{"line":14,"column":58},"end":{"line":20,"column":1}},"2":{"start":{"line":22,"column":18},"end":{"line":36,"column":3}},"3":{"start":{"line":22,"column":46},"end":{"line":36,"column":1}},"4":{"start":{"line":38,"column":29},"end":{"line":52,"column":1}},"5":{"start":{"line":39,"column":2},"end":{"line":51,"column":4}}},"fnMap":{"0":{"name":"(anonymous_0)","decl":{"start":{"line":14,"column":42},"end":{"line":14,"column":43}},"loc":{"start":{"line":14,"column":58},"end":{"line":20,"column":1}},"line":14},"1":{"name":"(anonymous_1)","decl":{"start":{"line":22,"column":30},"end":{"line":22,"column":31}},"loc":{"start":{"line":22,"column":46},"end":{"line":36,"column":1}},"line":22},"2":{"name":"(anonymous_2)","decl":{"start":{"line":38,"column":29},"end":{"line":38,"column":30}},"loc":{"start":{"line":38,"column":113},"end":{"line":52,"column":1}},"line":38}},"branchMap":{},"s":{"0":3,"1":8,"2":3,"3":8,"4":3,"5":8},"f":{"0":8,"1":8,"2":8},"b":{},"_coverageSchema":"1a1c01bbd47fc00a2c39e90264f33305004495a9","hash":"5e048637d032fec4ec5e1fa63cc6a2667aa7e4ae"}
,"/Users/tanmeshshah/Desktop/try-fulltime-jobs/React-applications/CodeChallenge-artAPI/src/components/atom/imageConstrtuctor/index.tsx": {"path":"/Users/tanmeshshah/Desktop/try-fulltime-jobs/React-applications/CodeChallenge-artAPI/src/components/atom/imageConstrtuctor/index.tsx","statementMap":{"0":{"start":{"line":18,"column":59},"end":{"line":60,"column":1}},"1":{"start":{"line":19,"column":28},"end":{"line":19,"column":49}},"2":{"start":{"line":21,"column":2},"end":{"line":45,"column":26}},"3":{"start":{"line":22,"column":23},"end":{"line":42,"column":7}},"4":{"start":{"line":23,"column":8},"end":{"line":41,"column":9}},"5":{"start":{"line":24,"column":27},"end":{"line":26,"column":11}},"6":{"start":{"line":27,"column":23},"end":{"line":27,"column":36}},"7":{"start":{"line":28,"column":20},"end":{"line":28,"column":34}},"8":{"start":{"line":29,"column":42},"end":{"line":29,"column":43}},"9":{"start":{"line":30,"column":10},"end":{"line":36,"column":11}},"10":{"start":{"line":30,"column":20},"end":{"line":30,"column":21}},"11":{"start":{"line":31,"column":29},"end":{"line":31,"column":115}},"12":{"start":{"line":32,"column":12},"end":{"line":35,"column":15}},"13":{"start":{"line":33,"column":16},"end":{"line":33,"column":38}},"14":{"start":{"line":34,"column":16},"end":{"line":34,"column":31}},"15":{"start":{"line":38,"column":10},"end":{"line":38,"column":57}},"16":{"start":{"line":40,"column":10},"end":{"line":40,"column":31}},"17":{"start":{"line":44,"column":4},"end":{"line":44,"column":17}},"18":{"start":{"line":47,"column":2},"end":{"line":59,"column":4}}},"fnMap":{"0":{"name":"(anonymous_0)","decl":{"start":{"line":18,"column":59},"end":{"line":18,"column":60}},"loc":{"start":{"line":18,"column":86},"end":{"line":60,"column":1}},"line":18},"1":{"name":"(anonymous_1)","decl":{"start":{"line":21,"column":12},"end":{"line":21,"column":13}},"loc":{"start":{"line":21,"column":18},"end":{"line":45,"column":3}},"line":21},"2":{"name":"(anonymous_2)","decl":{"start":{"line":22,"column":23},"end":{"line":22,"column":24}},"loc":{"start":{"line":22,"column":35},"end":{"line":42,"column":7}},"line":22}},"branchMap":{"0":{"loc":{"start":{"line":32,"column":12},"end":{"line":35,"column":15}},"type":"if","locations":[{"start":{"line":32,"column":12},"end":{"line":35,"column":15}},{"start":{},"end":{}}],"line":32},"1":{"loc":{"start":{"line":49,"column":7},"end":{"line":57,"column":7}},"type":"cond-expr","locations":[{"start":{"line":50,"column":8},"end":{"line":54,"column":10}},{"start":{"line":56,"column":8},"end":{"line":56,"column":18}}],"line":49},"2":{"loc":{"start":{"line":49,"column":7},"end":{"line":49,"column":32}},"type":"binary-expr","locations":[{"start":{"line":49,"column":7},"end":{"line":49,"column":12}},{"start":{"line":49,"column":16},"end":{"line":49,"column":32}}],"line":49}},"s":{"0":0,"1":0,"2":0,"3":0,"4":0,"5":0,"6":0,"7":0,"8":0,"9":0,"10":0,"11":0,"12":0,"13":0,"14":0,"15":0,"16":0,"17":0,"18":0},"f":{"0":0,"1":0,"2":0},"b":{"0":[0,0],"1":[0,0],"2":[0,0]}}
,"/Users/tanmeshshah/Desktop/try-fulltime-jobs/React-applications/CodeChallenge-artAPI/src/components/molecules/ImageCard/index.tsx": {"path":"/Users/tanmeshshah/Desktop/try-fulltime-jobs/React-applications/CodeChallenge-artAPI/src/components/molecules/ImageCard/index.tsx","statementMap":{"0":{"start":{"line":6,"column":16},"end":{"line":15,"column":2}},"1":{"start":{"line":17,"column":17},"end":{"line":18,"column":2}},"2":{"start":{"line":20,"column":21},"end":{"line":27,"column":2}},"3":{"start":{"line":29,"column":26},"end":{"line":34,"column":2}},"4":{"start":{"line":45,"column":18},"end":{"line":66,"column":1}},"5":{"start":{"line":53,"column":2},"end":{"line":65,"column":4}}},"fnMap":{"0":{"name":"(anonymous_0)","decl":{"start":{"line":45,"column":18},"end":{"line":45,"column":19}},"loc":{"start":{"line":52,"column":23},"end":{"line":66,"column":1}},"line":52}},"branchMap":{},"s":{"0":0,"1":0,"2":0,"3":0,"4":0,"5":0},"f":{"0":0},"b":{}}
,"/Users/tanmeshshah/Desktop/try-fulltime-jobs/React-applications/CodeChallenge-artAPI/src/components/molecules/ImageCardDetail/index.tsx": {"path":"/Users/tanmeshshah/Desktop/try-fulltime-jobs/React-applications/CodeChallenge-artAPI/src/components/molecules/ImageCardDetail/index.tsx","statementMap":{"0":{"start":{"line":9,"column":16},"end":{"line":15,"column":2}},"1":{"start":{"line":17,"column":16},"end":{"line":21,"column":2}},"2":{"start":{"line":23,"column":17},"end":{"line":29,"column":2}},"3":{"start":{"line":31,"column":24},"end":{"line":40,"column":1}},"4":{"start":{"line":32,"column":2},"end":{"line":39,"column":4}}},"fnMap":{"0":{"name":"(anonymous_0)","decl":{"start":{"line":31,"column":24},"end":{"line":31,"column":25}},"loc":{"start":{"line":31,"column":75},"end":{"line":40,"column":1}},"line":31}},"branchMap":{},"s":{"0":0,"1":0,"2":0,"3":0,"4":0},"f":{"0":0},"b":{}}
,"/Users/tanmeshshah/Desktop/try-fulltime-jobs/React-applications/CodeChallenge-artAPI/src/components/molecules/LogoText/index.tsx": {"path":"/Users/tanmeshshah/Desktop/try-fulltime-jobs/React-applications/CodeChallenge-artAPI/src/components/molecules/LogoText/index.tsx","statementMap":{"0":{"start":{"line":7,"column":16},"end":{"line":11,"column":3}},"1":{"start":{"line":13,"column":17},"end":{"line":22,"column":1}},"2":{"start":{"line":14,"column":2},"end":{"line":21,"column":4}}},"fnMap":{"0":{"name":"(anonymous_0)","decl":{"start":{"line":13,"column":17},"end":{"line":13,"column":18}},"loc":{"start":{"line":13,"column":23},"end":{"line":22,"column":1}},"line":13}},"branchMap":{},"s":{"0":3,"1":3,"2":5},"f":{"0":5},"b":{},"_coverageSchema":"1a1c01bbd47fc00a2c39e90264f33305004495a9","hash":"0003902c23ef55f193c9a37556bee03b6bdb756d"}
,"/Users/tanmeshshah/Desktop/try-fulltime-jobs/React-applications/CodeChallenge-artAPI/src/components/molecules/NavBar/index.tsx": {"path":"/Users/tanmeshshah/Desktop/try-fulltime-jobs/React-applications/CodeChallenge-artAPI/src/components/molecules/NavBar/index.tsx","statementMap":{"0":{"start":{"line":16,"column":16},"end":{"line":37,"column":3}},"1":{"start":{"line":16,"column":44},"end":{"line":37,"column":1}},"2":{"start":{"line":39,"column":18},"end":{"line":51,"column":3}},"3":{"start":{"line":39,"column":46},"end":{"line":51,"column":1}},"4":{"start":{"line":53,"column":15},"end":{"line":65,"column":1}},"5":{"start":{"line":54,"column":2},"end":{"line":64,"column":4}}},"fnMap":{"0":{"name":"(anonymous_0)","decl":{"start":{"line":16,"column":28},"end":{"line":16,"column":29}},"loc":{"start":{"line":16,"column":44},"end":{"line":37,"column":1}},"line":16},"1":{"name":"(anonymous_1)","decl":{"start":{"line":39,"column":30},"end":{"line":39,"column":31}},"loc":{"start":{"line":39,"column":46},"end":{"line":51,"column":1}},"line":39},"2":{"name":"(anonymous_2)","decl":{"start":{"line":53,"column":15},"end":{"line":53,"column":16}},"loc":{"start":{"line":53,"column":126},"end":{"line":65,"column":1}},"line":53}},"branchMap":{},"s":{"0":2,"1":3,"2":2,"3":3,"4":2,"5":3},"f":{"0":3,"1":3,"2":3},"b":{},"_coverageSchema":"1a1c01bbd47fc00a2c39e90264f33305004495a9","hash":"cd0bda0266942fe3b0bcaa06259091a5c2dd8232"}
,"/Users/tanmeshshah/Desktop/try-fulltime-jobs/React-applications/CodeChallenge-artAPI/src/components/molecules/PageNumbers/index.tsx": {"path":"/Users/tanmeshshah/Desktop/try-fulltime-jobs/React-applications/CodeChallenge-artAPI/src/components/molecules/PageNumbers/index.tsx","statementMap":{"0":{"start":{"line":9,"column":16},"end":{"line":15,"column":2}},"1":{"start":{"line":17,"column":25},"end":{"line":51,"column":3}},"2":{"start":{"line":17,"column":60},"end":{"line":51,"column":1}},"3":{"start":{"line":53,"column":20},"end":{"line":68,"column":1}},"4":{"start":{"line":54,"column":2},"end":{"line":67,"column":4}}},"fnMap":{"0":{"name":"(anonymous_0)","decl":{"start":{"line":17,"column":44},"end":{"line":17,"column":45}},"loc":{"start":{"line":17,"column":60},"end":{"line":51,"column":1}},"line":17},"1":{"name":"(anonymous_1)","decl":{"start":{"line":53,"column":20},"end":{"line":53,"column":21}},"loc":{"start":{"line":53,"column":60},"end":{"line":68,"column":1}},"line":53}},"branchMap":{},"s":{"0":1,"1":1,"2":3,"3":1,"4":3},"f":{"0":3,"1":3},"b":{},"_coverageSchema":"1a1c01bbd47fc00a2c39e90264f33305004495a9","hash":"a7671af452c7d82130833372133e6a420b88fa69"}
,"/Users/tanmeshshah/Desktop/try-fulltime-jobs/React-applications/CodeChallenge-artAPI/src/components/molecules/TextBackButton/index.tsx": {"path":"/Users/tanmeshshah/Desktop/try-fulltime-jobs/React-applications/CodeChallenge-artAPI/src/components/molecules/TextBackButton/index.tsx","statementMap":{"0":{"start":{"line":11,"column":16},"end":{"line":14,"column":2}},"1":{"start":{"line":16,"column":19},"end":{"line":19,"column":2}},"2":{"start":{"line":21,"column":23},"end":{"line":30,"column":1}},"3":{"start":{"line":22,"column":2},"end":{"line":29,"column":3}}},"fnMap":{"0":{"name":"(anonymous_0)","decl":{"start":{"line":21,"column":23},"end":{"line":21,"column":24}},"loc":{"start":{"line":21,"column":63},"end":{"line":30,"column":1}},"line":21}},"branchMap":{},"s":{"0":1,"1":1,"2":1,"3":5},"f":{"0":5},"b":{},"_coverageSchema":"1a1c01bbd47fc00a2c39e90264f33305004495a9","hash":"142f2b25f382543af192e07a7594b9a352b96819"}
,"/Users/tanmeshshah/Desktop/try-fulltime-jobs/React-applications/CodeChallenge-artAPI/src/components/organisms/ArtWorkDetials/index.tsx": {"path":"/Users/tanmeshshah/Desktop/try-fulltime-jobs/React-applications/CodeChallenge-artAPI/src/components/organisms/ArtWorkDetials/index.tsx","statementMap":{"0":{"start":{"line":8,"column":17},"end":{"line":14,"column":2}},"1":{"start":{"line":16,"column":23},"end":{"line":66,"column":1}},"2":{"start":{"line":18,"column":27},"end":{"line":18,"column":38}},"3":{"start":{"line":19,"column":2},"end":{"line":19,"column":48}},"4":{"start":{"line":20,"column":44},"end":{"line":20,"column":59}},"5":{"start":{"line":22,"column":2},"end":{"line":35,"column":9}},"6":{"start":{"line":23,"column":22},"end":{"line":33,"column":5}},"7":{"start":{"line":24,"column":6},"end":{"line":32,"column":7}},"8":{"start":{"line":25,"column":25},"end":{"line":27,"column":9}},"9":{"start":{"line":28,"column":8},"end":{"line":28,"column":50}},"10":{"start":{"line":29,"column":8},"end":{"line":29,"column":52}},"11":{"start":{"line":31,"column":8},"end":{"line":31,"column":27}},"12":{"start":{"line":34,"column":4},"end":{"line":34,"column":16}},"13":{"start":{"line":37,"column":2},"end":{"line":65,"column":4}}},"fnMap":{"0":{"name":"(anonymous_0)","decl":{"start":{"line":16,"column":23},"end":{"line":16,"column":24}},"loc":{"start":{"line":16,"column":29},"end":{"line":66,"column":1}},"line":16},"1":{"name":"(anonymous_1)","decl":{"start":{"line":22,"column":12},"end":{"line":22,"column":13}},"loc":{"start":{"line":22,"column":18},"end":{"line":35,"column":3}},"line":22},"2":{"name":"(anonymous_2)","decl":{"start":{"line":23,"column":22},"end":{"line":23,"column":23}},"loc":{"start":{"line":23,"column":34},"end":{"line":33,"column":5}},"line":23}},"branchMap":{"0":{"loc":{"start":{"line":41,"column":26},"end":{"line":41,"column":58}},"type":"cond-expr","locations":[{"start":{"line":41,"column":41},"end":{"line":41,"column":53}},{"start":{"line":41,"column":56},"end":{"line":41,"column":58}}],"line":41}},"s":{"0":0,"1":0,"2":0,"3":0,"4":0,"5":0,"6":0,"7":0,"8":0,"9":0,"10":0,"11":0,"12":0,"13":0},"f":{"0":0,"1":0,"2":0},"b":{"0":[0,0]}}
,"/Users/tanmeshshah/Desktop/try-fulltime-jobs/React-applications/CodeChallenge-artAPI/src/components/organisms/allArtwork/index.tsx": {"path":"/Users/tanmeshshah/Desktop/try-fulltime-jobs/React-applications/CodeChallenge-artAPI/src/components/organisms/allArtwork/index.tsx","statementMap":{"0":{"start":{"line":12,"column":17},"end":{"line":17,"column":3}},"1":{"start":{"line":12,"column":46},"end":{"line":17,"column":1}},"2":{"start":{"line":19,"column":18},"end":{"line":26,"column":3}},"3":{"start":{"line":19,"column":47},"end":{"line":26,"column":1}},"4":{"start":{"line":30,"column":19},"end":{"line":30,"column":32}},"5":{"start":{"line":33,"column":2},"end":{"line":57,"column":4}},"6":{"start":{"line":38,"column":12},"end":{"line":49,"column":24}},"7":{"start":{"line":43,"column":18},"end":{"line":43,"column":65}}},"fnMap":{"0":{"name":"(anonymous_0)","decl":{"start":{"line":12,"column":30},"end":{"line":12,"column":31}},"loc":{"start":{"line":12,"column":46},"end":{"line":17,"column":1}},"line":12},"1":{"name":"(anonymous_1)","decl":{"start":{"line":19,"column":31},"end":{"line":19,"column":32}},"loc":{"start":{"line":19,"column":47},"end":{"line":26,"column":1}},"line":19},"2":{"name":"ArtworkGrid","decl":{"start":{"line":29,"column":9},"end":{"line":29,"column":20}},"loc":{"start":{"line":29,"column":66},"end":{"line":58,"column":1}},"line":29},"3":{"name":"(anonymous_3)","decl":{"start":{"line":37,"column":22},"end":{"line":37,"column":23}},"loc":{"start":{"line":38,"column":12},"end":{"line":49,"column":24}},"line":38},"4":{"name":"(anonymous_4)","decl":{"start":{"line":42,"column":28},"end":{"line":42,"column":29}},"loc":{"start":{"line":42,"column":34},"end":{"line":44,"column":17}},"line":42}},"branchMap":{"0":{"loc":{"start":{"line":36,"column":9},"end":{"line":53,"column":9}},"type":"cond-expr","locations":[{"start":{"line":37,"column":10},"end":{"line":50,"column":12}},{"start":{"line":52,"column":10},"end":{"line":52,"column":20}}],"line":36}},"s":{"0":0,"1":0,"2":0,"3":0,"4":0,"5":0,"6":0,"7":0},"f":{"0":0,"1":0,"2":0,"3":0,"4":0},"b":{"0":[0,0]}}
,"/Users/tanmeshshah/Desktop/try-fulltime-jobs/React-applications/CodeChallenge-artAPI/src/components/template/index.tsx": {"path":"/Users/tanmeshshah/Desktop/try-fulltime-jobs/React-applications/CodeChallenge-artAPI/src/components/template/index.tsx","statementMap":{"0":{"start":{"line":16,"column":18},"end":{"line":18,"column":2}},"1":{"start":{"line":21,"column":22},"end":{"line":33,"column":1}},"2":{"start":{"line":22,"column":2},"end":{"line":32,"column":3}}},"fnMap":{"0":{"name":"(anonymous_0)","decl":{"start":{"line":21,"column":22},"end":{"line":21,"column":23}},"loc":{"start":{"line":21,"column":146},"end":{"line":33,"column":1}},"line":21}},"branchMap":{},"s":{"0":1,"1":1,"2":1},"f":{"0":1},"b":{},"_coverageSchema":"1a1c01bbd47fc00a2c39e90264f33305004495a9","hash":"447b8f97e888c0acb0ab4db63807e00b4a4c54ff"}
,"/Users/tanmeshshah/Desktop/try-fulltime-jobs/React-applications/CodeChallenge-artAPI/src/pages/DetailPage/index.tsx": {"path":"/Users/tanmeshshah/Desktop/try-fulltime-jobs/React-applications/CodeChallenge-artAPI/src/pages/DetailPage/index.tsx","statementMap":{"0":{"start":{"line":9,"column":20},"end":{"line":24,"column":1}},"1":{"start":{"line":10,"column":19},"end":{"line":10,"column":32}},"2":{"start":{"line":11,"column":2},"end":{"line":23,"column":4}},"3":{"start":{"line":18,"column":14},"end":{"line":18,"column":28}}},"fnMap":{"0":{"name":"(anonymous_0)","decl":{"start":{"line":9,"column":20},"end":{"line":9,"column":21}},"loc":{"start":{"line":9,"column":26},"end":{"line":24,"column":1}},"line":9},"1":{"name":"(anonymous_1)","decl":{"start":{"line":17,"column":30},"end":{"line":17,"column":31}},"loc":{"start":{"line":17,"column":36},"end":{"line":19,"column":13}},"line":17}},"branchMap":{},"s":{"0":0,"1":0,"2":0,"3":0},"f":{"0":0,"1":0},"b":{}}
,"/Users/tanmeshshah/Desktop/try-fulltime-jobs/React-applications/CodeChallenge-artAPI/src/theme/theme.ts": {"path":"/Users/tanmeshshah/Desktop/try-fulltime-jobs/React-applications/CodeChallenge-artAPI/src/theme/theme.ts","statementMap":{"0":{"start":{"line":3,"column":14},"end":{"line":86,"column":2}}},"fnMap":{},"branchMap":{},"s":{"0":6},"f":{},"b":{},"_coverageSchema":"1a1c01bbd47fc00a2c39e90264f33305004495a9","hash":"74e21994198acc53596b23c0762268f054bb0842"}
}
