TN:
SF:src/components/atom/Button/index.tsx
FN:33,(anonymous_0)
FNF:1
FNH:1
FNDA:6,(anonymous_0)
DA:6,3
DA:33,3
DA:35,6
LF:3
LH:3
BRF:0
BRH:0
end_of_record
TN:
SF:src/components/atom/Image/index.tsx
FN:12,(anonymous_0)
FNF:1
FNH:1
FNDA:20,(anonymous_0)
DA:12,6
DA:13,20
LF:2
LH:2
BRF:0
BRH:0
end_of_record
TN:
SF:src/components/atom/Loading/index.tsx
FN:4,Loading
FNF:1
FNH:1
FNDA:3,Loading
DA:5,3
LF:1
LH:1
BRF:0
BRH:0
end_of_record
TN:
SF:src/components/atom/SearchBar/index.tsx
FN:14,(anonymous_0)
FN:22,(anonymous_1)
FN:38,(anonymous_2)
FNF:3
FNH:3
FNDA:8,(anonymous_0)
FNDA:8,(anonymous_1)
FNDA:8,(anonymous_2)
DA:14,8
DA:22,8
DA:38,3
DA:39,8
LF:4
LH:4
BRF:0
BRH:0
end_of_record
TN:
SF:src/components/atom/imageConstrtuctor/index.tsx
FN:18,(anonymous_0)
FN:21,(anonymous_1)
FN:22,(anonymous_2)
FNF:3
FNH:0
FNDA:0,(anonymous_0)
FNDA:0,(anonymous_1)
FNDA:0,(anonymous_2)
DA:18,0
DA:19,0
DA:21,0
DA:22,0
DA:23,0
DA:24,0
DA:27,0
DA:28,0
DA:29,0
DA:30,0
DA:31,0
DA:32,0
DA:33,0
DA:34,0
DA:38,0
DA:40,0
DA:44,0
DA:47,0
LF:18
LH:0
BRDA:32,0,0,0
BRDA:32,0,1,0
BRDA:49,1,0,0
BRDA:49,1,1,0
BRDA:49,2,0,0
BRDA:49,2,1,0
BRF:6
BRH:0
end_of_record
TN:
SF:src/components/molecules/ImageCard/index.tsx
FN:45,(anonymous_0)
FNF:1
FNH:0
FNDA:0,(anonymous_0)
DA:6,0
DA:17,0
DA:20,0
DA:29,0
DA:45,0
DA:53,0
LF:6
LH:0
BRF:0
BRH:0
end_of_record
TN:
SF:src/components/molecules/ImageCardDetail/index.tsx
FN:31,(anonymous_0)
FNF:1
FNH:0
FNDA:0,(anonymous_0)
DA:9,0
DA:17,0
DA:23,0
DA:31,0
DA:32,0
LF:5
LH:0
BRF:0
BRH:0
end_of_record
TN:
SF:src/components/molecules/LogoText/index.tsx
FN:13,(anonymous_0)
FNF:1
FNH:1
FNDA:5,(anonymous_0)
DA:7,3
DA:13,3
DA:14,5
LF:3
LH:3
BRF:0
BRH:0
end_of_record
TN:
SF:src/components/molecules/NavBar/index.tsx
FN:16,(anonymous_0)
FN:39,(anonymous_1)
FN:53,(anonymous_2)
FNF:3
FNH:3
FNDA:3,(anonymous_0)
FNDA:3,(anonymous_1)
FNDA:3,(anonymous_2)
DA:16,3
DA:39,3
DA:53,2
DA:54,3
LF:4
LH:4
BRF:0
BRH:0
end_of_record
TN:
SF:src/components/molecules/PageNumbers/index.tsx
FN:17,(anonymous_0)
FN:53,(anonymous_1)
FNF:2
FNH:2
FNDA:3,(anonymous_0)
FNDA:3,(anonymous_1)
DA:9,1
DA:17,3
DA:53,1
DA:54,3
LF:4
LH:4
BRF:0
BRH:0
end_of_record
TN:
SF:src/components/molecules/TextBackButton/index.tsx
FN:21,(anonymous_0)
FNF:1
FNH:1
FNDA:5,(anonymous_0)
DA:11,1
DA:16,1
DA:21,1
DA:22,5
LF:4
LH:4
BRF:0
BRH:0
end_of_record
TN:
SF:src/components/organisms/ArtWorkDetials/index.tsx
FN:16,(anonymous_0)
FN:22,(anonymous_1)
FN:23,(anonymous_2)
FNF:3
FNH:0
FNDA:0,(anonymous_0)
FNDA:0,(anonymous_1)
FNDA:0,(anonymous_2)
DA:8,0
DA:16,0
DA:18,0
DA:19,0
DA:20,0
DA:22,0
DA:23,0
DA:24,0
DA:25,0
DA:28,0
DA:29,0
DA:31,0
DA:34,0
DA:37,0
LF:14
LH:0
BRDA:41,0,0,0
BRDA:41,0,1,0
BRF:2
BRH:0
end_of_record
TN:
SF:src/components/organisms/allArtwork/index.tsx
FN:12,(anonymous_0)
FN:19,(anonymous_1)
FN:29,ArtworkGrid
FN:37,(anonymous_3)
FN:42,(anonymous_4)
FNF:5
FNH:0
FNDA:0,(anonymous_0)
FNDA:0,(anonymous_1)
FNDA:0,ArtworkGrid
FNDA:0,(anonymous_3)
FNDA:0,(anonymous_4)
DA:12,0
DA:19,0
DA:30,0
DA:33,0
DA:38,0
DA:43,0
LF:6
LH:0
BRDA:36,0,0,0
BRDA:36,0,1,0
BRF:2
BRH:0
end_of_record
TN:
SF:src/components/template/index.tsx
FN:21,(anonymous_0)
FNF:1
FNH:1
FNDA:1,(anonymous_0)
DA:16,1
DA:21,1
DA:22,1
LF:3
LH:3
BRF:0
BRH:0
end_of_record
TN:
SF:src/pages/DetailPage/index.tsx
FN:9,(anonymous_0)
FN:17,(anonymous_1)
FNF:2
FNH:0
FNDA:0,(anonymous_0)
FNDA:0,(anonymous_1)
DA:9,0
DA:10,0
DA:11,0
DA:18,0
LF:4
LH:0
BRF:0
BRH:0
end_of_record
TN:
SF:src/theme/theme.ts
FNF:0
FNH:0
DA:3,6
LF:1
LH:1
BRF:0
BRH:0
end_of_record
